<?xml version="1.0" encoding="UTF-8"?>
<!-- Generated by org.testng.reporters.JUnitReportReporter -->
<testsuite hostname="LAPTOP-IUJNIELA" failures="0" tests="3" name="Sample.Datapro" time="0.012" errors="0" timestamp="2023-04-08T13:01:56 IST" skipped="0">
  <testcase classname="Sample.Datapro" name="readData" time="0.003"/>
  <system-out/>
  <testcase classname="Sample.Datapro" name="readData" time="0.006"/>
  <system-out/>
  <testcase classname="Sample.Datapro" name="readData" time="0.003"/>
  <system-out/>
</testsuite> <!-- Sample.Datapro -->
