<?xml version="1.0" encoding="UTF-8"?>
<!-- Generated by org.testng.reporters.JUnitReportReporter -->
<testsuite hostname="LAPTOP-IUJNIELA" failures="0" tests="1" name="Sample.Test2" time="0.007" errors="0" timestamp="2023-04-07T10:20:08 IST" skipped="0">
  <testcase classname="Sample.Test2" name="test2" time="0.007"/>
  <system-out/>
</testsuite> <!-- Sample.Test2 -->
