<?xml version="1.0" encoding="UTF-8"?>
<!-- Generated by org.testng.reporters.JUnitReportReporter -->
<testsuite hostname="LAPTOP-IUJNIELA" failures="0" tests="2" name="Sample.Example1" time="0.010" errors="0" timestamp="2023-06-13T12:43:20 IST" skipped="0">
  <testcase classname="Sample.Example1" name="ex" time="0.007"/>
  <system-out/>
  <testcase classname="Sample.Example1" name="exa" time="0.003"/>
  <system-out/>
</testsuite> <!-- Sample.Example1 -->
