<?xml version="1.0" encoding="UTF-8"?>
<!-- Generated by org.testng.reporters.JUnitReportReporter -->
<testsuite hostname="LAPTOP-IUJNIELA" failures="0" tests="1" name="Sample.Example2" time="0.001" errors="0" timestamp="2023-06-07T11:50:42 IST" skipped="0">
  <testcase classname="Sample.Example2" name="testmethod" time="0.001"/>
  <system-out/>
</testsuite> <!-- Sample.Example2 -->
