<?xml version="1.0" encoding="UTF-8"?>
<!-- Generated by org.testng.reporters.JUnitReportReporter -->
<testsuite hostname="LAPTOP-IUJNIELA" failures="0" tests="1" name="Sample.Test1" time="0.005" errors="0" timestamp="2023-06-07T11:50:42 IST" skipped="0">
  <testcase classname="Sample.Test1" name="test2" time="0.005"/>
  <system-out/>
</testsuite> <!-- Sample.Test1 -->
